Script started
Starting script execution
Corriendo test_bsc para 50 iteraciones maximo


Probabilidad de error 0.05 y 50 max_iter 

File 1: testdata_corr.dat  File 2: All zeros
Bits/symbol: 8  Field size: 256 Block length: 1600  Threshold: 0
EOF on file 1
Total symb: 32000000  Blks:  20000
Error counts Bits:    1571217  Symbols:    1571217  Blocks:      20000    >T:  20000 
Error rates  Bits:  6.138e-03  Symbols:  4.910e-02  Blocks:  1.000e+00 Bits/block: 78.56085 Symb/block: 78.56085
Probabilidad de error 0.06 

File 1: testdata_corr.dat  File 2: All zeros
Bits/symbol: 8  Field size: 256 Block length: 1600  Threshold: 0
EOF on file 1
Total symb: 32000000  Blks:  20000
Error counts Bits:    1887073  Symbols:    1887073  Blocks:      20000    >T:  20000 
Error rates  Bits:  7.371e-03  Symbols:  5.897e-02  Blocks:  1.000e+00 Bits/block: 94.35365 Symb/block: 94.35365
Probabilidad de error 0.07 

File 1: testdata_corr.dat  File 2: All zeros
Bits/symbol: 8  Field size: 256 Block length: 1600  Threshold: 0
EOF on file 1
Total symb: 32000000  Blks:  20000
Error counts Bits:    2204589  Symbols:    2204589  Blocks:      20000    >T:  20000 
Error rates  Bits:  8.612e-03  Symbols:  6.889e-02  Blocks:  1.000e+00 Bits/block: 110.22945 Symb/block: 110.22945
Probabilidad de error 0.08 

File 1: testdata_corr.dat  File 2: All zeros
Bits/symbol: 8  Field size: 256 Block length: 1600  Threshold: 0
EOF on file 1
Total symb: 32000000  Blks:  20000
Error counts Bits:    2522761  Symbols:    2522761  Blocks:      20000    >T:  20000 
Error rates  Bits:  9.855e-03  Symbols:  7.884e-02  Blocks:  1.000e+00 Bits/block: 126.13805 Symb/block: 126.13805
Probabilidad de error 0.09 

File 1: testdata_corr.dat  File 2: All zeros
Bits/symbol: 8  Field size: 256 Block length: 1600  Threshold: 0
EOF on file 1
Total symb: 32000000  Blks:  20000
Error counts Bits:    2843431  Symbols:    2843431  Blocks:      20000    >T:  20000 
Error rates  Bits:  1.111e-02  Symbols:  8.886e-02  Blocks:  1.000e+00 Bits/block: 142.17155 Symb/block: 142.17155
Probabilidad de error 0.10 

File 1: testdata_corr.dat  File 2: All zeros
Bits/symbol: 8  Field size: 256 Block length: 1600  Threshold: 0
EOF on file 1
Total symb: 32000000  Blks:  20000
Error counts Bits:    3165332  Symbols:    3165332  Blocks:      20000    >T:  20000 
Error rates  Bits:  1.236e-02  Symbols:  9.892e-02  Blocks:  1.000e+00 Bits/block: 158.26660 Symb/block: 158.26660
Probabilidad de error 0.11 

File 1: testdata_corr.dat  File 2: All zeros
Bits/symbol: 8  Field size: 256 Block length: 1600  Threshold: 0
EOF on file 1
Total symb: 32000000  Blks:  20000
Error counts Bits:    3488682  Symbols:    3488682  Blocks:      20000    >T:  20000 
Error rates  Bits:  1.363e-02  Symbols:  1.090e-01  Blocks:  1.000e+00 Bits/block: 174.43410 Symb/block: 174.43410
Probabilidad de error 0.12 

File 1: testdata_corr.dat  File 2: All zeros
Bits/symbol: 8  Field size: 256 Block length: 1600  Threshold: 0
EOF on file 1
Total symb: 32000000  Blks:  20000
Error counts Bits:    3812129  Symbols:    3812129  Blocks:      20000    >T:  20000 
Error rates  Bits:  1.489e-02  Symbols:  1.191e-01  Blocks:  1.000e+00 Bits/block: 190.60645 Symb/block: 190.60645
Corriendo test_bsc para 20 iteraciones maximo


Probabilidad de error 0.05 y 20 max_iter 

File 1: testdata_corr.dat  File 2: All zeros
Bits/symbol: 8  Field size: 256 Block length: 1600  Threshold: 0
EOF on file 1
Total symb: 32000000  Blks:  20000
Error counts Bits:    1571217  Symbols:    1571217  Blocks:      20000    >T:  20000 
Error rates  Bits:  6.138e-03  Symbols:  4.910e-02  Blocks:  1.000e+00 Bits/block: 78.56085 Symb/block: 78.56085
Probabilidad de error 0.06 

File 1: testdata_corr.dat  File 2: All zeros
Bits/symbol: 8  Field size: 256 Block length: 1600  Threshold: 0
EOF on file 1
Total symb: 32000000  Blks:  20000
Error counts Bits:    3812129  Symbols:    3812129  Blocks:      20000    >T:  20000 
Error rates  Bits:  1.489e-02  Symbols:  1.191e-01  Blocks:  1.000e+00 Bits/block: 190.60645 Symb/block: 190.60645
